Inicializando os projetos do stage1...
"WORKSPACE = C:\Users\Mateus_Caletti\Desktop\scm\github\mateuscaletti\poc-pipeline-automacao\projects\stage1"
Verificando se existe arquivo 'C:\Users\Mateus_Caletti\Desktop\scm\github\mateuscaletti\poc-pipeline-automacao\projects\stage1\startProject.bat' ...
Inicializando os projetos do stage1...
"WORKSPACE = C:\Users\Mateus_Caletti\Desktop\scm\github\mateuscaletti\poc-pipeline-automacao\projects\stage1"
Verificando se existe arquivo 'C:\Users\Mateus_Caletti\Desktop\scm\github\mateuscaletti\poc-pipeline-automacao\projects\stage1\soapui-poc-pipeline\startProject.bat' ...
Projeto soapui-poc-pipeline inicializando...
Criando diretório dos resultados do projeto...
Executando o projeto
Projeto 'soapui-poc-pipeline' finalizado
Inicializando os projetos do stage1...
"WORKSPACE = C:\Users\Mateus_Caletti\Desktop\scm\github\mateuscaletti\poc-pipeline-automacao\projects\stage1"
Verificando se existe arquivo 'C:\Users\Mateus_Caletti\Desktop\scm\github\mateuscaletti\poc-pipeline-automacao\projects\stage1\soapui-poc-pipeline\startProject.bat' ...
Projeto soapui-poc-pipeline inicializando...
Criando diretório dos resultados do projeto em "C:\Users\Mateus_Caletti\Desktop\scm\github\mateuscaletti\poc-pipeline-automacao\results\instance_24\stage1\soapui-poc-pipeline"...
Executando o projeto
Projeto 'soapui-poc-pipeline' finalizado
Inicializando os projetos do stage1...
Verificando se existe arquivo 'C:\Users\Mateus_Caletti\Desktop\scm\github\mateuscaletti\poc-pipeline-automacao\projects\stage1\soapui-poc-pipeline\startProject.bat' ...
Projeto soapui-poc-pipeline inicializando...
Criando diretório dos resultados do projeto em "C:\Users\Mateus_Caletti\Desktop\scm\github\mateuscaletti\poc-pipeline-automacao\results\instance_24\stage1\soapui-poc-pipeline"...
Executando o projeto com log em 'C:\Users\Mateus_Caletti\Desktop\scm\github\mateuscaletti\poc-pipeline-automacao\results\instance_24\stage1\soapui-poc-pipeline\execution_stage1_soapui-poc-pipeline.log'
Projeto 'soapui-poc-pipeline' finalizado
